
=== Mon Mar 18 10:11:51 2024

Packages were changed.
Update Mode: updateDependencies

The following packages were updated:
  com.unity.cinemachine from version 2.9.4 to 2.9.5
  com.unity.collab-proxy from version 1.17.7 to 2.2.0
  com.unity.ide.rider from version 3.0.16 to 3.0.27
  com.unity.ide.visualstudio from version 2.0.17 to 2.0.22
  com.unity.inputsystem from version 1.4.4 to 1.7.0
  com.unity.render-pipelines.universal from version 14.0.4 to 14.0.10
  com.unity.timeline from version 1.7.2 to 1.7.6
  com.unity.visualscripting from version 1.7.8 to 1.9.1

=== Wed Mar 20 09:17:53 2024

Packages were changed.
Update Mode: updateDependencies

The following packages were updated:
  com.unity.collab-proxy from version 2.0.0 to 2.2.0
  com.unity.ide.rider from version 3.0.18 to 3.0.27
  com.unity.ide.visualstudio from version 2.0.17 to 2.0.22
  com.unity.inputsystem from version 1.5.0 to 1.7.0
  com.unity.netcode.gameobjects from version 1.2.0 to 1.8.1
  com.unity.render-pipelines.universal from version 14.0.6 to 14.0.10
  com.unity.services.lobby from version 1.0.3 to 1.1.0
  com.unity.timeline from version 1.7.2 to 1.7.6
  com.unity.visualscripting from version 1.8.0 to 1.9.1
